# boot menu configuration file

# Boot automatically after 10 secs.
timeout 10 

# By default, boot the first entry.
default 0

# Fallback to the second entry.
fallback 1

splashimage=(cd)/boot/grub/ubuntu.xpm.gz

# For booting GNU/Linux
title  PUD GNU/Linux Home Edition (xfce4)
root (cd)
kernel /vmlinuz root=/ quiet splash vga=792 boot=casper xfce4
initrd /initrd.gz

# For booting GNU/Linux
title  PUD GNU/Linux Professional Edition (ion3)
root (cd)
kernel /vmlinuz root=/ quiet splash vga=792 boot=casper ion3
initrd /initrd.gz

# For booting Windows NT or Windows95
title Boot From First Hard Disk
rootnoverify (hd0,0)
makeactive
chainloader  +1

# For installing GRUB into the hard disk
#title Install GRUB into the hard disk
#root    (hd0,0)
#setup   (hd0)

# Change the colors.
#title Change the colors
#color light-green/brown blink-red/blue
