*** Log start at Thu, 28 Dec 2006 19:40:15 GMT
Per-session init started
Running /tmp/flashgot.kbu6w79q.default/flashgot.fgt (blocking)
cURL|OK
wxDownload Fast|KO
KDE KGet|KO
GNOME Gwget|KO
Downloader 4 X|KO
Downloader 4 X (nt)|KO
Aria|OK

Warning: download manager wxDownload Fast not found
Warning: download manager WellGet not found
Warning: download manager TrueDownloader not found
Warning: download manager Thunder not found
Warning: download manager Star Downloader not found
/usr/bin/osascript not found
Warning: download manager Speed Download 3 not found
Warning: download manager Speed Download 2 not found
Warning: download manager Speed Download not found
Warning: download manager ReGet not found
Warning: download manager Orbit not found
Warning: download manager NetAnts not found
Warning: download manager Net Transport 2 not found
Warning: download manager Net Transport not found
Warning: download manager Mass Downloader not found
Warning: download manager LeechGet 2002 not found
Warning: download manager LeechGet not found
Warning: download manager KDE KGet not found
Warning: download manager Internet Download Manager not found
Warning: download manager Internet Download Accelerator not found
Warning: download manager InstantGet not found
Warning: download manager iGetter Win not found
Warning: download manager iGetter not found
Warning: download manager HiDownload not found
Warning: download manager GNOME Gwget not found
Warning: download manager GigaGet not found
Warning: download manager GetRight not found
Warning: download manager FreshDownload not found
Warning: download manager Free Download Manager not found
Warning: download manager FlashGet not found
Warning: download manager Downloader 4 X (nt) not found
Warning: download manager Downloader 4 X not found
Warning: download manager Download Master not found
Warning: download manager Download Accelerator Plus not found
Default download manager set to Aria
Per-session init done in 34ms
Starting cleanup
Cleanup done
*** Log start at Thu, 28 Dec 2006 19:41:59 GMT
Per-session init started
Running /tmp/flashgot.kbu6w79q.default/flashgot.fgt (blocking)
cURL|OK
wxDownload Fast|KO
KDE KGet|KO
GNOME Gwget|KO
Downloader 4 X|KO
Downloader 4 X (nt)|KO
Aria|OK

Warning: download manager wxDownload Fast not found
Warning: download manager WellGet not found
Warning: download manager TrueDownloader not found
Warning: download manager Thunder not found
Warning: download manager Star Downloader not found
/usr/bin/osascript not found
Warning: download manager Speed Download 3 not found
Warning: download manager Speed Download 2 not found
Warning: download manager Speed Download not found
Warning: download manager ReGet not found
Warning: download manager Orbit not found
Warning: download manager NetAnts not found
Warning: download manager Net Transport 2 not found
Warning: download manager Net Transport not found
Warning: download manager Mass Downloader not found
Warning: download manager LeechGet 2002 not found
Warning: download manager LeechGet not found
Warning: download manager KDE KGet not found
Warning: download manager Internet Download Manager not found
Warning: download manager Internet Download Accelerator not found
Warning: download manager InstantGet not found
Warning: download manager iGetter Win not found
Warning: download manager iGetter not found
Warning: download manager HiDownload not found
Warning: download manager GNOME Gwget not found
Warning: download manager GigaGet not found
Warning: download manager GetRight not found
Warning: download manager FreshDownload not found
Warning: download manager Free Download Manager not found
Warning: download manager FlashGet not found
Warning: download manager Downloader 4 X (nt) not found
Warning: download manager Downloader 4 X not found
Warning: download manager Download Master not found
Warning: download manager Download Accelerator Plus not found
Per-session init done in 29ms
Starting cleanup
Cleanup done
*** Log start at Thu, 28 Dec 2006 19:42:00 GMT
Per-session init started
Running /tmp/flashgot.kbu6w79q.default/flashgot.fgt (blocking)
cURL|OK
wxDownload Fast|KO
KDE KGet|KO
GNOME Gwget|KO
Downloader 4 X|KO
Downloader 4 X (nt)|KO
Aria|OK

Warning: download manager wxDownload Fast not found
Warning: download manager WellGet not found
Warning: download manager TrueDownloader not found
Warning: download manager Thunder not found
Warning: download manager Star Downloader not found
/usr/bin/osascript not found
Warning: download manager Speed Download 3 not found
Warning: download manager Speed Download 2 not found
Warning: download manager Speed Download not found
Warning: download manager ReGet not found
Warning: download manager Orbit not found
Warning: download manager NetAnts not found
Warning: download manager Net Transport 2 not found
Warning: download manager Net Transport not found
Warning: download manager Mass Downloader not found
Warning: download manager LeechGet 2002 not found
Warning: download manager LeechGet not found
Warning: download manager KDE KGet not found
Warning: download manager Internet Download Manager not found
Warning: download manager Internet Download Accelerator not found
Warning: download manager InstantGet not found
Warning: download manager iGetter Win not found
Warning: download manager iGetter not found
Warning: download manager HiDownload not found
Warning: download manager GNOME Gwget not found
Warning: download manager GigaGet not found
Warning: download manager GetRight not found
Warning: download manager FreshDownload not found
Warning: download manager Free Download Manager not found
Warning: download manager FlashGet not found
Warning: download manager Downloader 4 X (nt) not found
Warning: download manager Downloader 4 X not found
Warning: download manager Download Master not found
Warning: download manager Download Accelerator Plus not found
Per-session init done in 30ms
Starting cleanup
Cleanup done
*** Log start at Thu, 28 Dec 2006 19:43:08 GMT
Per-session init started
Running /tmp/flashgot.kbu6w79q.default/flashgot.fgt (blocking)
cURL|OK
wxDownload Fast|KO
KDE KGet|KO
GNOME Gwget|KO
Downloader 4 X|KO
Downloader 4 X (nt)|KO
Aria|OK

Warning: download manager wxDownload Fast not found
Warning: download manager WellGet not found
Warning: download manager TrueDownloader not found
Warning: download manager Thunder not found
Warning: download manager Star Downloader not found
/usr/bin/osascript not found
Warning: download manager Speed Download 3 not found
Warning: download manager Speed Download 2 not found
Warning: download manager Speed Download not found
Warning: download manager ReGet not found
Warning: download manager Orbit not found
Warning: download manager NetAnts not found
Warning: download manager Net Transport 2 not found
Warning: download manager Net Transport not found
Warning: download manager Mass Downloader not found
Warning: download manager LeechGet 2002 not found
Warning: download manager LeechGet not found
Warning: download manager KDE KGet not found
Warning: download manager Internet Download Manager not found
Warning: download manager Internet Download Accelerator not found
Warning: download manager InstantGet not found
Warning: download manager iGetter Win not found
Warning: download manager iGetter not found
Warning: download manager HiDownload not found
Warning: download manager GNOME Gwget not found
Warning: download manager GigaGet not found
Warning: download manager GetRight not found
Warning: download manager FreshDownload not found
Warning: download manager Free Download Manager not found
Warning: download manager FlashGet not found
Warning: download manager Downloader 4 X (nt) not found
Warning: download manager Downloader 4 X not found
Warning: download manager Download Master not found
Warning: download manager Download Accelerator Plus not found
Per-session init done in 31ms
Starting cleanup
Cleanup done
*** Log start at Thu, 28 Dec 2006 19:43:09 GMT
Per-session init started
Running /tmp/flashgot.kbu6w79q.default/flashgot.fgt (blocking)
cURL|OK
wxDownload Fast|KO
KDE KGet|KO
GNOME Gwget|KO
Downloader 4 X|KO
Downloader 4 X (nt)|KO
Aria|OK

Warning: download manager wxDownload Fast not found
Warning: download manager WellGet not found
Warning: download manager TrueDownloader not found
Warning: download manager Thunder not found
Warning: download manager Star Downloader not found
/usr/bin/osascript not found
Warning: download manager Speed Download 3 not found
Warning: download manager Speed Download 2 not found
Warning: download manager Speed Download not found
Warning: download manager ReGet not found
Warning: download manager Orbit not found
Warning: download manager NetAnts not found
Warning: download manager Net Transport 2 not found
Warning: download manager Net Transport not found
Warning: download manager Mass Downloader not found
Warning: download manager LeechGet 2002 not found
Warning: download manager LeechGet not found
Warning: download manager KDE KGet not found
Warning: download manager Internet Download Manager not found
Warning: download manager Internet Download Accelerator not found
Warning: download manager InstantGet not found
Warning: download manager iGetter Win not found
Warning: download manager iGetter not found
Warning: download manager HiDownload not found
Warning: download manager GNOME Gwget not found
Warning: download manager GigaGet not found
Warning: download manager GetRight not found
Warning: download manager FreshDownload not found
Warning: download manager Free Download Manager not found
Warning: download manager FlashGet not found
Warning: download manager Downloader 4 X (nt) not found
Warning: download manager Downloader 4 X not found
Warning: download manager Download Master not found
Warning: download manager Download Accelerator Plus not found
Per-session init done in 29ms
Starting cleanup
Cleanup done
*** Log start at Thu, 28 Dec 2006 19:43:24 GMT
Per-session init started
Running /tmp/flashgot.kbu6w79q.default/flashgot.fgt (blocking)
cURL|OK
wxDownload Fast|KO
KDE KGet|KO
GNOME Gwget|KO
Downloader 4 X|KO
Downloader 4 X (nt)|KO
Aria|OK

Warning: download manager wxDownload Fast not found
Warning: download manager WellGet not found
Warning: download manager TrueDownloader not found
Warning: download manager Thunder not found
Warning: download manager Star Downloader not found
/usr/bin/osascript not found
Warning: download manager Speed Download 3 not found
Warning: download manager Speed Download 2 not found
Warning: download manager Speed Download not found
Warning: download manager ReGet not found
Warning: download manager Orbit not found
Warning: download manager NetAnts not found
Warning: download manager Net Transport 2 not found
Warning: download manager Net Transport not found
Warning: download manager Mass Downloader not found
Warning: download manager LeechGet 2002 not found
Warning: download manager LeechGet not found
Warning: download manager KDE KGet not found
Warning: download manager Internet Download Manager not found
Warning: download manager Internet Download Accelerator not found
Warning: download manager InstantGet not found
Warning: download manager iGetter Win not found
Warning: download manager iGetter not found
Warning: download manager HiDownload not found
Warning: download manager GNOME Gwget not found
Warning: download manager GigaGet not found
Warning: download manager GetRight not found
Warning: download manager FreshDownload not found
Warning: download manager Free Download Manager not found
Warning: download manager FlashGet not found
Warning: download manager Downloader 4 X (nt) not found
Warning: download manager Downloader 4 X not found
Warning: download manager Download Master not found
Warning: download manager Download Accelerator Plus not found
Per-session init done in 29ms
Starting cleanup
Cleanup done
*** Log start at Thu, 28 Dec 2006 19:49:52 GMT
Per-session init started
Running /tmp/flashgot.kbu6w79q.default/flashgot.fgt (blocking)
cURL|OK
wxDownload Fast|KO
KDE KGet|KO
GNOME Gwget|KO
Downloader 4 X|KO
Downloader 4 X (nt)|KO
Aria|OK

Warning: download manager wxDownload Fast not found
Warning: download manager WellGet not found
Warning: download manager TrueDownloader not found
Warning: download manager Thunder not found
Warning: download manager Star Downloader not found
/usr/bin/osascript not found
Warning: download manager Speed Download 3 not found
Warning: download manager Speed Download 2 not found
Warning: download manager Speed Download not found
Warning: download manager ReGet not found
Warning: download manager Orbit not found
Warning: download manager NetAnts not found
Warning: download manager Net Transport 2 not found
Warning: download manager Net Transport not found
Warning: download manager Mass Downloader not found
Warning: download manager LeechGet 2002 not found
Warning: download manager LeechGet not found
Warning: download manager KDE KGet not found
Warning: download manager Internet Download Manager not found
Warning: download manager Internet Download Accelerator not found
Warning: download manager InstantGet not found
Warning: download manager iGetter Win not found
Warning: download manager iGetter not found
Warning: download manager HiDownload not found
Warning: download manager GNOME Gwget not found
Warning: download manager GigaGet not found
Warning: download manager GetRight not found
Warning: download manager FreshDownload not found
Warning: download manager Free Download Manager not found
Warning: download manager FlashGet not found
Warning: download manager Downloader 4 X (nt) not found
Warning: download manager Downloader 4 X not found
Warning: download manager Download Master not found
Warning: download manager Download Accelerator Plus not found
Per-session init done in 29ms
Starting cleanup
Cleanup done
*** Log start at Thu, 28 Dec 2006 19:50:56 GMT
Per-session init started
Running /tmp/flashgot.kbu6w79q.default/flashgot.fgt (blocking)
cURL|OK
wxDownload Fast|KO
KDE KGet|KO
GNOME Gwget|KO
Downloader 4 X|KO
Downloader 4 X (nt)|KO
Aria|OK

Warning: download manager wxDownload Fast not found
Warning: download manager WellGet not found
Warning: download manager TrueDownloader not found
Warning: download manager Thunder not found
Warning: download manager Star Downloader not found
/usr/bin/osascript not found
Warning: download manager Speed Download 3 not found
Warning: download manager Speed Download 2 not found
Warning: download manager Speed Download not found
Warning: download manager ReGet not found
Warning: download manager Orbit not found
Warning: download manager NetAnts not found
Warning: download manager Net Transport 2 not found
Warning: download manager Net Transport not found
Warning: download manager Mass Downloader not found
Warning: download manager LeechGet 2002 not found
Warning: download manager LeechGet not found
Warning: download manager KDE KGet not found
Warning: download manager Internet Download Manager not found
Warning: download manager Internet Download Accelerator not found
Warning: download manager InstantGet not found
Warning: download manager iGetter Win not found
Warning: download manager iGetter not found
Warning: download manager HiDownload not found
Warning: download manager GNOME Gwget not found
Warning: download manager GigaGet not found
Warning: download manager GetRight not found
Warning: download manager FreshDownload not found
Warning: download manager Free Download Manager not found
Warning: download manager FlashGet not found
Warning: download manager Downloader 4 X (nt) not found
Warning: download manager Downloader 4 X not found
Warning: download manager Download Master not found
Warning: download manager Download Accelerator Plus not found
Per-session init done in 29ms
Starting cleanup
Cleanup done
*** Log start at Fri, 02 Mar 2007 10:43:16 GMT
Per-session init started
Running /tmp/flashgot.kbu6w79q.default/flashgot.fgt (blocking)
cURL|OK
wxDownload Fast|KO
KDE KGet|KO
GNOME Gwget|KO
Downloader 4 X|KO
Downloader 4 X (nt)|KO
Aria|OK

Warning: download manager wxDownload Fast not found
Warning: download manager WellGet not found
Warning: download manager TrueDownloader not found
Warning: download manager Thunder not found
Warning: download manager Star Downloader not found
/usr/bin/osascript not found
Warning: download manager Speed Download 3 not found
Warning: download manager Speed Download 2 not found
Warning: download manager Speed Download not found
Warning: download manager ReGet not found
Warning: download manager Orbit not found
Warning: download manager NetAnts not found
Warning: download manager Net Transport 2 not found
Warning: download manager Net Transport not found
Warning: download manager Mass Downloader not found
Warning: download manager LeechGet 2002 not found
Warning: download manager LeechGet not found
Warning: download manager KDE KGet not found
Warning: download manager Internet Download Manager not found
Warning: download manager Internet Download Accelerator not found
Warning: download manager InstantGet not found
Warning: download manager iGetter Win not found
Warning: download manager iGetter not found
Warning: download manager HiDownload not found
Warning: download manager GNOME Gwget not found
Warning: download manager GigaGet not found
Warning: download manager GetRight not found
Warning: download manager FreshDownload not found
Warning: download manager Free Download Manager not found
Warning: download manager FlashGet not found
Warning: download manager Downloader 4 X (nt) not found
Warning: download manager Downloader 4 X not found
Warning: download manager Download Master not found
Warning: download manager Download Accelerator Plus not found
Per-session init done in 373ms
Starting cleanup
Cleanup done
*** Log start at Sat, 21 Apr 2007 15:27:07 GMT
Per-session init started
Running /tmp/flashgot.kbu6w79q.default/flashgot.fgt (blocking)
cURL|OK
wxDownload Fast|KO
KDE KGet|KO
GNOME Gwget|KO
Downloader 4 X|KO
Downloader 4 X (nt)|KO
Aria|OK

Warning: download manager wxDownload Fast not found
Warning: download manager WellGet not found
Warning: download manager TrueDownloader not found
Warning: download manager Thunder not found
Warning: download manager Star Downloader not found
/usr/bin/osascript not found
Warning: download manager Speed Download 3 not found
Warning: download manager Speed Download 2 not found
Warning: download manager Speed Download not found
Warning: download manager ReGet not found
Warning: download manager Orbit not found
Warning: download manager NetAnts not found
Warning: download manager Net Transport 2 not found
Warning: download manager Net Transport not found
Warning: download manager Mass Downloader not found
Warning: download manager LeechGet 2002 not found
Warning: download manager LeechGet not found
Warning: download manager KDE KGet not found
Warning: download manager Internet Download Manager not found
Warning: download manager Internet Download Accelerator not found
Warning: download manager InstantGet not found
Warning: download manager iGetter Win not found
Warning: download manager iGetter not found
Warning: download manager HiDownload not found
Warning: download manager GNOME Gwget not found
Warning: download manager GigaGet not found
Warning: download manager GetRight not found
Warning: download manager FreshDownload not found
Warning: download manager Free Download Manager not found
Warning: download manager FlashGet not found
Warning: download manager Downloader 4 X (nt) not found
Warning: download manager Downloader 4 X not found
Warning: download manager Download Master not found
Warning: download manager Download Accelerator Plus not found
Warning: download manager BitComet not found
Per-session init done in 60ms
Starting cleanup
Cleanup done
*** Log start at Sat, 21 Apr 2007 15:27:50 GMT
Per-session init started
Running /tmp/flashgot.kbu6w79q.default/flashgot.fgt (blocking)
cURL|OK
wxDownload Fast|KO
KDE KGet|KO
GNOME Gwget|KO
Downloader 4 X|KO
Downloader 4 X (nt)|KO
Aria|OK

Warning: download manager wxDownload Fast not found
Warning: download manager WellGet not found
Warning: download manager TrueDownloader not found
Warning: download manager Thunder not found
Warning: download manager Star Downloader not found
/usr/bin/osascript not found
Warning: download manager Speed Download 3 not found
Warning: download manager Speed Download 2 not found
Warning: download manager Speed Download not found
Warning: download manager ReGet not found
Warning: download manager Orbit not found
Warning: download manager NetAnts not found
Warning: download manager Net Transport 2 not found
Warning: download manager Net Transport not found
Warning: download manager Mass Downloader not found
Warning: download manager LeechGet 2002 not found
Warning: download manager LeechGet not found
Warning: download manager KDE KGet not found
Warning: download manager Internet Download Manager not found
Warning: download manager Internet Download Accelerator not found
Warning: download manager InstantGet not found
Warning: download manager iGetter Win not found
Warning: download manager iGetter not found
Warning: download manager HiDownload not found
Warning: download manager GNOME Gwget not found
Warning: download manager GigaGet not found
Warning: download manager GetRight not found
Warning: download manager FreshDownload not found
Warning: download manager Free Download Manager not found
Warning: download manager FlashGet not found
Warning: download manager Downloader 4 X (nt) not found
Warning: download manager Downloader 4 X not found
Warning: download manager Download Master not found
Warning: download manager Download Accelerator Plus not found
Warning: download manager BitComet not found
Per-session init done in 66ms
Starting cleanup
Cleanup done
*** Log start at Sat, 21 Apr 2007 15:29:46 GMT
Per-session init started
Running /tmp/flashgot.kbu6w79q.default/flashgot.fgt (blocking)
cURL|OK
wxDownload Fast|KO
KDE KGet|KO
GNOME Gwget|KO
Downloader 4 X|KO
Downloader 4 X (nt)|KO
Aria|OK

Warning: download manager wxDownload Fast not found
Warning: download manager WellGet not found
Warning: download manager TrueDownloader not found
Warning: download manager Thunder not found
Warning: download manager Star Downloader not found
/usr/bin/osascript not found
Warning: download manager Speed Download 3 not found
Warning: download manager Speed Download 2 not found
Warning: download manager Speed Download not found
Warning: download manager ReGet not found
Warning: download manager Orbit not found
Warning: download manager NetAnts not found
Warning: download manager Net Transport 2 not found
Warning: download manager Net Transport not found
Warning: download manager Mass Downloader not found
Warning: download manager LeechGet 2002 not found
Warning: download manager LeechGet not found
Warning: download manager KDE KGet not found
Warning: download manager Internet Download Manager not found
Warning: download manager Internet Download Accelerator not found
Warning: download manager InstantGet not found
Warning: download manager iGetter Win not found
Warning: download manager iGetter not found
Warning: download manager HiDownload not found
Warning: download manager GNOME Gwget not found
Warning: download manager GigaGet not found
Warning: download manager GetRight not found
Warning: download manager FreshDownload not found
Warning: download manager Free Download Manager not found
Warning: download manager FlashGet not found
Warning: download manager Downloader 4 X (nt) not found
Warning: download manager Downloader 4 X not found
Warning: download manager Download Master not found
Warning: download manager Download Accelerator Plus not found
Warning: download manager BitComet not found
Per-session init done in 60ms
Starting cleanup
Cleanup done
*** Log start at Sat, 21 Apr 2007 15:29:47 GMT
Per-session init started
Running /tmp/flashgot.kbu6w79q.default/flashgot.fgt (blocking)
cURL|OK
wxDownload Fast|KO
KDE KGet|KO
GNOME Gwget|KO
Downloader 4 X|KO
Downloader 4 X (nt)|KO
Aria|OK

Warning: download manager wxDownload Fast not found
Warning: download manager WellGet not found
Warning: download manager TrueDownloader not found
Warning: download manager Thunder not found
Warning: download manager Star Downloader not found
/usr/bin/osascript not found
Warning: download manager Speed Download 3 not found
Warning: download manager Speed Download 2 not found
Warning: download manager Speed Download not found
Warning: download manager ReGet not found
Warning: download manager Orbit not found
Warning: download manager NetAnts not found
Warning: download manager Net Transport 2 not found
Warning: download manager Net Transport not found
Warning: download manager Mass Downloader not found
Warning: download manager LeechGet 2002 not found
Warning: download manager LeechGet not found
Warning: download manager KDE KGet not found
Warning: download manager Internet Download Manager not found
Warning: download manager Internet Download Accelerator not found
Warning: download manager InstantGet not found
Warning: download manager iGetter Win not found
Warning: download manager iGetter not found
Warning: download manager HiDownload not found
Warning: download manager GNOME Gwget not found
Warning: download manager GigaGet not found
Warning: download manager GetRight not found
Warning: download manager FreshDownload not found
Warning: download manager Free Download Manager not found
Warning: download manager FlashGet not found
Warning: download manager Downloader 4 X (nt) not found
Warning: download manager Downloader 4 X not found
Warning: download manager Download Master not found
Warning: download manager Download Accelerator Plus not found
Warning: download manager BitComet not found
Per-session init done in 60ms
Starting cleanup
Cleanup done
*** Log start at Sat, 21 Apr 2007 15:30:08 GMT
Per-session init started
Running /tmp/flashgot.kbu6w79q.default/flashgot.fgt (blocking)
cURL|OK
wxDownload Fast|KO
KDE KGet|KO
GNOME Gwget|KO
Downloader 4 X|KO
Downloader 4 X (nt)|KO
Aria|OK

Warning: download manager wxDownload Fast not found
Warning: download manager WellGet not found
Warning: download manager TrueDownloader not found
Warning: download manager Thunder (Old) not found
Warning: download manager Thunder not found
Warning: download manager Star Downloader not found
/usr/bin/osascript not found
Warning: download manager Speed Download 3 not found
Warning: download manager Speed Download 2 not found
Warning: download manager Speed Download not found
Warning: download manager ReGet not found
Warning: download manager Orbit not found
Warning: download manager NetAnts not found
Warning: download manager Net Transport 2 not found
Warning: download manager Net Transport not found
Warning: download manager Mass Downloader not found
Warning: download manager LeechGet 2002 not found
Warning: download manager LeechGet not found
Warning: download manager KDE KGet not found
Warning: download manager Internet Download Manager not found
Warning: download manager Internet Download Accelerator not found
Warning: download manager InstantGet not found
Warning: download manager iGetter Win not found
Warning: download manager iGetter not found
Warning: download manager HiDownload not found
Warning: download manager GNOME Gwget not found
Warning: download manager GigaGet not found
Warning: download manager GetRight not found
Warning: download manager FreshDownload not found
Warning: download manager Free Download Manager not found
Warning: download manager FlashGet not found
Warning: download manager Downloader 4 X (nt) not found
Warning: download manager Downloader 4 X not found
Warning: download manager Download Master not found
Warning: download manager Download Accelerator Plus not found
Warning: download manager BitComet not found
Per-session init done in 61ms
Starting cleanup
Cleanup done
