-------------------------------------------------------------------------------
http://releases.mozilla.org/pub/mozilla.org/extensions/tab_mix_plus/tab_mix_plus-0.3.5.2-fx.xpi  --  2006-12-29 03:34:38
-------------------------------------------------------------------------------


     Install completed successfully  --  2006-12-29 03:34:38

-------------------------------------------------------------------------------
file:///home/ubuntu/Desktop/tongwen_0.2.9.9.0.xpi  --  2006-12-29 03:36:51
-------------------------------------------------------------------------------


     Install completed successfully  --  2006-12-29 03:36:51

-------------------------------------------------------------------------------
http://releases.mozilla.org/pub/mozilla.org/extensions/google_video_downloader/google_video_downloader-1.1-fx.xpi  --  2006-12-29 03:38:14
-------------------------------------------------------------------------------


     Install completed successfully  --  2006-12-29 03:38:14

-------------------------------------------------------------------------------
http://releases.mozilla.org/pub/mozilla.org/extensions/flashgot/flashgot-0.5.97.03-fx+fl+mz+ns+zm+tb.xpi  --  2006-12-29 03:38:56
-------------------------------------------------------------------------------


     Install completed successfully  --  2006-12-29 03:38:56

-------------------------------------------------------------------------------
http://releases.mozilla.org/pub/mozilla.org/extensions/all-in-one_gestures/all-in-one_gestures-0.18.0-fx.xpi  --  2006-12-29 03:39:36
-------------------------------------------------------------------------------


     Install completed successfully  --  2006-12-29 03:39:37

-------------------------------------------------------------------------------
http://releases.mozilla.org/pub/mozilla.org/extensions/flashgot/flashgot-0.5.97.03-fx+fl+mz+ns+zm+tb.xpi  --  2006-12-29 03:40:06
-------------------------------------------------------------------------------


     Install completed successfully  --  2006-12-29 03:40:06

-------------------------------------------------------------------------------
http://releases.mozilla.org/pub/mozilla.org/extensions/gmail_space/gmail_space-0.5.3-fx+fl.xpi  --  2006-12-29 03:40:10
-------------------------------------------------------------------------------


     Install completed successfully  --  2006-12-29 03:40:10

-------------------------------------------------------------------------------
http://releases.mozilla.org/pub/mozilla.org/extensions/gmail_space/gmail_space-0.5.3-fx+fl.xpi  --  2006-12-29 03:41:09
-------------------------------------------------------------------------------


     Install completed successfully  --  2006-12-29 03:41:09

-------------------------------------------------------------------------------
http://releases.mozilla.org/pub/mozilla.org/extensions/fasterfox/fasterfox-2.0.0-fx.xpi  --  2006-12-29 03:41:36
-------------------------------------------------------------------------------


     Install completed successfully  --  2006-12-29 03:41:36

