# boot menu configuration file

# Boot automatically after 10 secs.
timeout 5 

# By default, boot the first entry.
default 0

# Fallback to the second entry.
fallback 1

splashimage=(cd)/boot/grub/ubuntu.xpm.gz

# For booting GNU/Linux
title  PUD GNU/Linux
root (cd)
kernel /vmlinuz root=/ quiet splash vga=789 boot=casper
initrd /initrd.gz

# For booting Windows NT or Windows95
title Boot from first partition
rootnoverify (hd0,0)
makeactive
chainloader  +1

# For installing GRUB into the hard disk
#title Install GRUB into the hard disk
#root    (hd0,0)
#setup   (hd0)

# Change the colors.
#title Change the colors
#color light-green/brown blink-red/blue
