# boot menu configuration file

# Boot automatically after 10 secs.
timeout 10 

# By default, boot the first entry.
default 1 

# Fallback to the second entry.
fallback 1

#splashimage=(cd)/boot/grub/ubuntu.xpm.gz
gfxmenu (cd)/boot/grub/message

title  Home Edition (English)
root (cd)
kernel /vmlinuz root=/ boot=casper showmounts wm=en load=no 
initrd /initrd.gz

title  Home Edition (Traditional Chinese) 
root (cd)
kernel /vmlinuz root=/ boot=casper showmounts wm=tw load=no
initrd /initrd.gz

title  Home Edition (Simplified Chinese)
root (cd)
kernel /vmlinuz root=/ boot=casper showmounts wm=cn load=no
initrd /initrd.gz

# For booting Windows NT or Windows95
title Boot From the First Hard Disk
rootnoverify (hd0,0)
makeactive
chainloader  +1

# For installing GRUB into the hard disk
#title Install GRUB into the hard disk
#root    (hd0,0)
#setup   (hd0)

# Change the colors.
#title Change the colors
#color light-green/brown blink-red/blue
